[   234.514] (WW) Failed to open protocol names file lib/xorg/protocol.txt
[   234.515] 
X.Org X Server 1.20.7
X Protocol Version 11, Revision 0
[   234.515] Build Operating System: Linux Arch Linux
[   234.515] Current Operating System: Linux archlinux 5.4.13-arch1-1 #1 SMP PREEMPT Fri, 17 Jan 2020 23:09:54 +0000 x86_64
[   234.515] Kernel command line: BOOT_IMAGE=/vmlinuz-linux root=UUID=7d0f80da-14a8-4ee3-adfe-7b583b1e1ea8 rw loglevel=3 quiet pci=nomsi
[   234.515] Build Date: 14 January 2020  07:13:52AM
[   234.515]  
[   234.515] Current version of pixman: 0.38.4
[   234.516] 	Before reporting problems, check http://wiki.x.org
	to make sure that you have the latest version.
[   234.516] Markers: (--) probed, (**) from config file, (==) default setting,
	(++) from command line, (!!) notice, (II) informational,
	(WW) warning, (EE) error, (NI) not implemented, (??) unknown.
[   234.516] (==) Log file: "/home/sofiane/.local/share/xorg/Xorg.1.log", Time: Wed Jan 22 23:59:52 2020
[   234.517] (==) Using system config directory "/usr/share/X11/xorg.conf.d"
[   234.517] (==) No Layout section.  Using the first Screen section.
[   234.517] (==) No screen section available. Using defaults.
[   234.517] (**) |-->Screen "Default Screen Section" (0)
[   234.517] (**) |   |-->Monitor "<default monitor>"
[   234.517] (==) No monitor specified for screen "Default Screen Section".
	Using a default monitor configuration.
[   234.517] (==) Automatically adding devices
[   234.517] (==) Automatically enabling devices
[   234.517] (==) Automatically adding GPU devices
[   234.517] (==) Automatically binding GPU devices
[   234.517] (==) Max clients allowed: 256, resource mask: 0x1fffff
[   234.518] (WW) The directory "/usr/share/fonts/misc" does not exist.
[   234.518] 	Entry deleted from font path.
[   234.518] (WW) The directory "/usr/share/fonts/OTF" does not exist.
[   234.518] 	Entry deleted from font path.
[   234.518] (WW) The directory "/usr/share/fonts/Type1" does not exist.
[   234.518] 	Entry deleted from font path.
[   234.518] (WW) The directory "/usr/share/fonts/100dpi" does not exist.
[   234.518] 	Entry deleted from font path.
[   234.518] (WW) The directory "/usr/share/fonts/75dpi" does not exist.
[   234.518] 	Entry deleted from font path.
[   234.518] (==) FontPath set to:
	/usr/share/fonts/TTF
[   234.518] (==) ModulePath set to "/usr/lib/xorg/modules"
[   234.518] (II) The server relies on udev to provide the list of input devices.
	If no devices become available, reconfigure udev or disable AutoAddDevices.
[   234.518] (II) Module ABI versions:
[   234.518] 	X.Org ANSI C Emulation: 0.4
[   234.518] 	X.Org Video Driver: 24.1
[   234.518] 	X.Org XInput driver : 24.1
[   234.518] 	X.Org Server Extension : 10.0
[   234.519] (++) using VT number 2

[   234.522] (II) systemd-logind: took control of session /org/freedesktop/login1/session/_31
[   234.523] (II) xfree86: Adding drm device (/dev/dri/card0)
[   234.524] (II) systemd-logind: got fd for /dev/dri/card0 226:0 fd 10 paused 0
[   234.524] (II) xfree86: Adding drm device (/dev/dri/card1)
[   234.525] (II) systemd-logind: got fd for /dev/dri/card1 226:1 fd 11 paused 0
[   234.527] (--) PCI:*(0@0:2:0) 8086:5916:1043:18d0 rev 2, Mem @ 0xed000000/16777216, 0xc0000000/268435456, I/O @ 0x0000f000/64, BIOS @ 0x????????/131072
[   234.527] (--) PCI: (1@0:0:0) 10de:1299:1043:18d0 rev 161, Mem @ 0xee000000/16777216, 0xd0000000/268435456, 0xe0000000/33554432, I/O @ 0x0000e000/128, BIOS @ 0x????????/524288
[   234.528] (WW) Open ACPI failed (/var/run/acpid.socket) (No such file or directory)
[   234.528] (II) LoadModule: "glx"
[   234.528] (II) Loading /usr/lib/xorg/modules/extensions/libglx.so
[   234.529] (II) Module glx: vendor="X.Org Foundation"
[   234.529] 	compiled for 1.20.7, module version = 1.0.0
[   234.529] 	ABI class: X.Org Server Extension, version 10.0
[   234.529] (==) Matched intel as autoconfigured driver 0
[   234.529] (==) Matched nouveau as autoconfigured driver 1
[   234.529] (==) Matched nv as autoconfigured driver 2
[   234.529] (==) Matched modesetting as autoconfigured driver 3
[   234.529] (==) Matched fbdev as autoconfigured driver 4
[   234.529] (==) Matched vesa as autoconfigured driver 5
[   234.529] (==) Assigned the driver to the xf86ConfigLayout
[   234.529] (II) LoadModule: "intel"
[   234.530] (WW) Warning, couldn't open module intel
[   234.530] (EE) Failed to load module "intel" (module does not exist, 0)
[   234.530] (II) LoadModule: "nouveau"
[   234.530] (WW) Warning, couldn't open module nouveau
[   234.530] (EE) Failed to load module "nouveau" (module does not exist, 0)
[   234.530] (II) LoadModule: "nv"
[   234.530] (WW) Warning, couldn't open module nv
[   234.530] (EE) Failed to load module "nv" (module does not exist, 0)
[   234.530] (II) LoadModule: "modesetting"
[   234.530] (II) Loading /usr/lib/xorg/modules/drivers/modesetting_drv.so
[   234.530] (II) Module modesetting: vendor="X.Org Foundation"
[   234.530] 	compiled for 1.20.7, module version = 1.20.7
[   234.530] 	Module class: X.Org Video Driver
[   234.530] 	ABI class: X.Org Video Driver, version 24.1
[   234.530] (II) LoadModule: "fbdev"
[   234.530] (WW) Warning, couldn't open module fbdev
[   234.530] (EE) Failed to load module "fbdev" (module does not exist, 0)
[   234.530] (II) LoadModule: "vesa"
[   234.531] (WW) Warning, couldn't open module vesa
[   234.531] (EE) Failed to load module "vesa" (module does not exist, 0)
[   234.531] (II) modesetting: Driver for Modesetting Kernel Drivers: kms
[   234.531] (II) modeset(0): using drv /dev/dri/card0
[   234.531] (II) modeset(G0): using drv /dev/dri/card1
[   234.531] (WW) VGA arbiter: cannot open kernel arbiter, no multi-card support
[   234.531] (II) modeset(0): Creating default Display subsection in Screen section
	"Default Screen Section" for depth/fbbpp 24/32
[   234.531] (==) modeset(0): Depth 24, (==) framebuffer bpp 32
[   234.531] (==) modeset(0): RGB weight 888
[   234.531] (==) modeset(0): Default visual is TrueColor
[   234.531] (II) Loading sub module "glamoregl"
[   234.531] (II) LoadModule: "glamoregl"
[   234.531] (II) Loading /usr/lib/xorg/modules/libglamoregl.so
[   234.535] (II) Module glamoregl: vendor="X.Org Foundation"
[   234.535] 	compiled for 1.20.7, module version = 1.0.1
[   234.535] 	ABI class: X.Org ANSI C Emulation, version 0.4
[   234.565] (II) modeset(0): glamor X acceleration enabled on Mesa DRI Intel(R) HD Graphics 620 (Kaby Lake GT2) 
[   234.565] (II) modeset(0): glamor initialized
[   234.566] (II) modeset(0): Output eDP-1 has no monitor section
[   234.566] (II) modeset(0): Output DP-1 has no monitor section
[   234.746] (II) modeset(0): Output HDMI-1 has no monitor section
[   234.750] (II) modeset(0): Output HDMI-2 has no monitor section
[   234.751] (II) modeset(0): EDID for output eDP-1
[   234.751] (II) modeset(0): Manufacturer: CMN  Model: 15ca  Serial#: 0
[   234.751] (II) modeset(0): Year: 2014  Week: 34
[   234.751] (II) modeset(0): EDID Version: 1.4
[   234.751] (II) modeset(0): Digital Display Input
[   234.751] (II) modeset(0): 6 bits per channel
[   234.751] (II) modeset(0): Digital interface is DisplayPort
[   234.751] (II) modeset(0): Max Image Size [cm]: horiz.: 34  vert.: 19
[   234.751] (II) modeset(0): Gamma: 2.20
[   234.751] (II) modeset(0): No DPMS capabilities specified
[   234.751] (II) modeset(0): Supported color encodings: RGB 4:4:4 
[   234.751] (II) modeset(0): First detailed timing is preferred mode
[   234.751] (II) modeset(0): Preferred mode is native pixel format and refresh rate
[   234.751] (II) modeset(0): redX: 0.569 redY: 0.332   greenX: 0.328 greenY: 0.581
[   234.751] (II) modeset(0): blueX: 0.159 blueY: 0.141   whiteX: 0.313 whiteY: 0.329
[   234.751] (II) modeset(0): Manufacturer's mask: 0
[   234.751] (II) modeset(0): Supported detailed timing:
[   234.751] (II) modeset(0): clock: 76.4 MHz   Image Size:  344 x 193 mm
[   234.751] (II) modeset(0): h_active: 1366  h_sync: 1434  h_sync_end 1479 h_blank_end 1592 h_border: 0
[   234.751] (II) modeset(0): v_active: 768  v_sync: 772  v_sync_end 779 v_blanking: 800 v_border: 0
[   234.751] (II) modeset(0):  N156BGE-E42
[   234.751] (II) modeset(0):  CMN
[   234.751] (II) modeset(0):  N156BGE-E42
[   234.751] (II) modeset(0): EDID (in hex):
[   234.751] (II) modeset(0): 	00ffffffffffff000daeca1500000000
[   234.751] (II) modeset(0): 	221801049522137802c3c59155549428
[   234.751] (II) modeset(0): 	24505400000001010101010101010101
[   234.751] (II) modeset(0): 	010101010101da1d56e250002030442d
[   234.751] (II) modeset(0): 	470058c110000018000000fe004e3135
[   234.751] (II) modeset(0): 	364247452d4534320a20000000fe0043
[   234.751] (II) modeset(0): 	4d4e0a202020202020202020000000fe
[   234.751] (II) modeset(0): 	004e3135364247452d4534320a200055
[   234.752] (II) modeset(0): Printing probed modes for output eDP-1
[   234.752] (II) modeset(0): Modeline "1366x768"x60.0   76.42  1366 1434 1479 1592  768 772 779 800 -hsync -vsync (48.0 kHz eP)
[   234.752] (II) modeset(0): Modeline "1280x720"x120.0  156.12  1280 1376 1512 1744  720 721 724 746 doublescan -hsync +vsync (89.5 kHz d)
[   234.752] (II) modeset(0): Modeline "1280x720"x120.0  120.75  1280 1304 1320 1360  720 721 724 740 doublescan +hsync -vsync (88.8 kHz d)
[   234.752] (II) modeset(0): Modeline "1280x720"x59.9   74.50  1280 1344 1472 1664  720 723 728 748 -hsync +vsync (44.8 kHz d)
[   234.752] (II) modeset(0): Modeline "1280x720"x59.7   63.75  1280 1328 1360 1440  720 723 728 741 +hsync -vsync (44.3 kHz d)
[   234.752] (II) modeset(0): Modeline "1024x768"x120.1  133.47  1024 1100 1212 1400  768 768 770 794 doublescan -hsync +vsync (95.3 kHz d)
[   234.752] (II) modeset(0): Modeline "1024x768"x60.0   65.00  1024 1048 1184 1344  768 771 777 806 -hsync -vsync (48.4 kHz d)
[   234.752] (II) modeset(0): Modeline "960x720"x120.0  117.00  960 1024 1128 1300  720 720 722 750 doublescan -hsync +vsync (90.0 kHz d)
[   234.752] (II) modeset(0): Modeline "928x696"x120.1  109.15  928 976 1088 1264  696 696 698 719 doublescan -hsync +vsync (86.4 kHz d)
[   234.752] (II) modeset(0): Modeline "896x672"x120.0  102.40  896 960 1060 1224  672 672 674 697 doublescan -hsync +vsync (83.7 kHz d)
[   234.752] (II) modeset(0): Modeline "1024x576"x119.9   98.50  1024 1092 1200 1376  576 577 580 597 doublescan -hsync +vsync (71.6 kHz d)
[   234.752] (II) modeset(0): Modeline "1024x576"x119.9   78.38  1024 1048 1064 1104  576 577 580 592 doublescan +hsync -vsync (71.0 kHz d)
[   234.752] (II) modeset(0): Modeline "1024x576"x59.9   46.50  1024 1064 1160 1296  576 579 584 599 -hsync +vsync (35.9 kHz d)
[   234.752] (II) modeset(0): Modeline "1024x576"x59.8   42.00  1024 1072 1104 1184  576 579 584 593 +hsync -vsync (35.5 kHz d)
[   234.752] (II) modeset(0): Modeline "960x600"x119.9   96.62  960 1028 1128 1296  600 601 604 622 doublescan -hsync +vsync (74.6 kHz d)
[   234.752] (II) modeset(0): Modeline "960x600"x120.0   77.00  960 984 1000 1040  600 601 604 617 doublescan +hsync -vsync (74.0 kHz d)
[   234.752] (II) modeset(0): Modeline "960x540"x119.9   86.50  960 1024 1124 1288  540 541 544 560 doublescan -hsync +vsync (67.2 kHz d)
[   234.752] (II) modeset(0): Modeline "960x540"x120.0   69.25  960 984 1000 1040  540 541 544 555 doublescan +hsync -vsync (66.6 kHz d)
[   234.752] (II) modeset(0): Modeline "960x540"x59.6   40.75  960 992 1088 1216  540 543 548 562 -hsync +vsync (33.5 kHz d)
[   234.752] (II) modeset(0): Modeline "960x540"x59.8   37.25  960 1008 1040 1120  540 543 548 556 +hsync -vsync (33.3 kHz d)
[   234.752] (II) modeset(0): Modeline "800x600"x120.0   81.00  800 832 928 1080  600 600 602 625 doublescan +hsync +vsync (75.0 kHz d)
[   234.752] (II) modeset(0): Modeline "800x600"x60.3   40.00  800 840 968 1056  600 601 605 628 +hsync +vsync (37.9 kHz d)
[   234.752] (II) modeset(0): Modeline "800x600"x56.2   36.00  800 824 896 1024  600 601 603 625 +hsync +vsync (35.2 kHz d)
[   234.752] (II) modeset(0): Modeline "840x525"x120.0   73.12  840 892 980 1120  525 526 529 544 doublescan -hsync +vsync (65.3 kHz d)
[   234.752] (II) modeset(0): Modeline "840x525"x119.8   59.50  840 864 880 920  525 526 529 540 doublescan +hsync -vsync (64.7 kHz d)
[   234.752] (II) modeset(0): Modeline "864x486"x59.9   32.50  864 888 968 1072  486 489 494 506 -hsync +vsync (30.3 kHz d)
[   234.752] (II) modeset(0): Modeline "864x486"x59.6   30.50  864 912 944 1024  486 489 494 500 +hsync -vsync (29.8 kHz d)
[   234.752] (II) modeset(0): Modeline "700x525"x120.0   61.00  700 744 820 940  525 526 532 541 doublescan +hsync +vsync (64.9 kHz d)
[   234.752] (II) modeset(0): Modeline "800x450"x119.9   59.12  800 848 928 1056  450 451 454 467 doublescan -hsync +vsync (56.0 kHz d)
[   234.752] (II) modeset(0): Modeline "800x450"x119.6   48.75  800 824 840 880  450 451 454 463 doublescan +hsync -vsync (55.4 kHz d)
[   234.752] (II) modeset(0): Modeline "640x512"x120.0   54.00  640 664 720 844  512 512 514 533 doublescan +hsync +vsync (64.0 kHz d)
[   234.752] (II) modeset(0): Modeline "700x450"x119.9   51.75  700 740 812 924  450 451 456 467 doublescan -hsync +vsync (56.0 kHz d)
[   234.752] (II) modeset(0): Modeline "700x450"x119.8   43.25  700 724 740 780  450 451 456 463 doublescan +hsync -vsync (55.4 kHz d)
[   234.752] (II) modeset(0): Modeline "640x480"x120.0   54.00  640 688 744 900  480 480 482 500 doublescan +hsync +vsync (60.0 kHz d)
[   234.752] (II) modeset(0): Modeline "640x480"x59.9   25.18  640 656 752 800  480 490 492 525 -hsync -vsync (31.5 kHz d)
[   234.752] (II) modeset(0): Modeline "720x405"x59.5   22.50  720 744 808 896  405 408 413 422 -hsync +vsync (25.1 kHz d)
[   234.752] (II) modeset(0): Modeline "720x405"x59.0   21.75  720 768 800 880  405 408 413 419 +hsync -vsync (24.7 kHz d)
[   234.752] (II) modeset(0): Modeline "684x384"x119.8   42.62  684 720 788 892  384 385 390 399 doublescan -hsync +vsync (47.8 kHz d)
[   234.752] (II) modeset(0): Modeline "684x384"x119.7   36.12  684 708 724 764  384 385 390 395 doublescan +hsync -vsync (47.3 kHz d)
[   234.752] (II) modeset(0): Modeline "640x400"x119.8   41.75  640 676 740 840  400 401 404 415 doublescan -hsync +vsync (49.7 kHz d)
[   234.752] (II) modeset(0): Modeline "640x400"x120.0   35.50  640 664 680 720  400 401 404 411 doublescan +hsync -vsync (49.3 kHz d)
[   234.752] (II) modeset(0): Modeline "640x360"x119.7   37.25  640 672 736 832  360 361 364 374 doublescan -hsync +vsync (44.8 kHz d)
[   234.752] (II) modeset(0): Modeline "640x360"x119.7   31.88  640 664 680 720  360 361 364 370 doublescan +hsync -vsync (44.3 kHz d)
[   234.752] (II) modeset(0): Modeline "640x360"x59.8   18.00  640 664 720 800  360 363 368 376 -hsync +vsync (22.5 kHz d)
[   234.752] (II) modeset(0): Modeline "640x360"x59.3   17.75  640 688 720 800  360 363 368 374 +hsync -vsync (22.2 kHz d)
[   234.752] (II) modeset(0): Modeline "512x384"x120.0   32.50  512 524 592 672  384 385 388 403 doublescan -hsync -vsync (48.4 kHz d)
[   234.752] (II) modeset(0): Modeline "512x288"x120.0   23.25  512 532 580 648  288 289 292 299 doublescan -hsync +vsync (35.9 kHz d)
[   234.752] (II) modeset(0): Modeline "512x288"x119.8   21.00  512 536 552 592  288 289 292 296 doublescan +hsync -vsync (35.5 kHz d)
[   234.752] (II) modeset(0): Modeline "480x270"x119.3   20.38  480 496 544 608  270 271 274 281 doublescan -hsync +vsync (33.5 kHz d)
[   234.752] (II) modeset(0): Modeline "480x270"x119.6   18.62  480 504 520 560  270 271 274 278 doublescan +hsync -vsync (33.3 kHz d)
[   234.752] (II) modeset(0): Modeline "400x300"x120.6   20.00  400 420 484 528  300 300 302 314 doublescan +hsync +vsync (37.9 kHz d)
[   234.752] (II) modeset(0): Modeline "400x300"x112.7   18.00  400 412 448 512  300 300 301 312 doublescan +hsync +vsync (35.2 kHz d)
[   234.752] (II) modeset(0): Modeline "432x243"x119.8   16.25  432 444 484 536  243 244 247 253 doublescan -hsync +vsync (30.3 kHz d)
[   234.752] (II) modeset(0): Modeline "432x243"x119.1   15.25  432 456 472 512  243 244 247 250 doublescan +hsync -vsync (29.8 kHz d)
[   234.752] (II) modeset(0): Modeline "320x240"x120.1   12.59  320 328 376 400  240 245 246 262 doublescan -hsync -vsync (31.5 kHz d)
[   234.752] (II) modeset(0): Modeline "360x202"x119.0   11.25  360 372 404 448  202 204 206 211 doublescan -hsync +vsync (25.1 kHz d)
[   234.752] (II) modeset(0): Modeline "360x202"x118.3   10.88  360 384 400 440  202 204 206 209 doublescan +hsync -vsync (24.7 kHz d)
[   234.752] (II) modeset(0): Modeline "320x180"x119.7    9.00  320 332 360 400  180 181 184 188 doublescan -hsync +vsync (22.5 kHz d)
[   234.752] (II) modeset(0): Modeline "320x180"x118.6    8.88  320 344 360 400  180 181 184 187 doublescan +hsync -vsync (22.2 kHz d)
[   234.752] (II) modeset(0): EDID for output DP-1
[   234.933] (II) modeset(0): EDID for output HDMI-1
[   234.937] (II) modeset(0): EDID for output HDMI-2
[   234.937] (II) modeset(0): Output eDP-1 connected
[   234.937] (II) modeset(0): Output DP-1 disconnected
[   234.937] (II) modeset(0): Output HDMI-1 disconnected
[   234.937] (II) modeset(0): Output HDMI-2 disconnected
[   234.937] (II) modeset(0): Using exact sizes for initial modes
[   234.937] (II) modeset(0): Output eDP-1 using initial mode 1366x768 +0+0
[   234.937] (==) modeset(0): Using gamma correction (1.0, 1.0, 1.0)
[   234.937] (==) modeset(0): DPI set to (96, 96)
[   234.937] (II) Loading sub module "fb"
[   234.937] (II) LoadModule: "fb"
[   234.937] (II) Loading /usr/lib/xorg/modules/libfb.so
[   234.937] (II) Module fb: vendor="X.Org Foundation"
[   234.937] 	compiled for 1.20.7, module version = 1.0.0
[   234.937] 	ABI class: X.Org ANSI C Emulation, version 0.4
[   234.938] (==) modeset(G0): Depth 24, (==) framebuffer bpp 32
[   234.938] (==) modeset(G0): RGB weight 888
[   234.938] (==) modeset(G0): Default visual is TrueColor
[   234.938] (II) Loading sub module "glamoregl"
[   234.938] (II) LoadModule: "glamoregl"
[   234.938] (II) Loading /usr/lib/xorg/modules/libglamoregl.so
[   234.938] (II) Module glamoregl: vendor="X.Org Foundation"
[   234.938] 	compiled for 1.20.7, module version = 1.0.1
[   234.938] 	ABI class: X.Org ANSI C Emulation, version 0.4
[   235.003] (II) modeset(G0): glamor X acceleration enabled on NV106
[   235.003] (II) modeset(G0): glamor initialized
[   235.003] (==) modeset(G0): Using gamma correction (1.0, 1.0, 1.0)
[   235.003] (==) modeset(G0): DPI set to (96, 96)
[   235.003] (II) Loading sub module "fb"
[   235.003] (II) LoadModule: "fb"
[   235.003] (II) Loading /usr/lib/xorg/modules/libfb.so
[   235.003] (II) Module fb: vendor="X.Org Foundation"
[   235.003] 	compiled for 1.20.7, module version = 1.0.0
[   235.003] 	ABI class: X.Org ANSI C Emulation, version 0.4
[   235.074] (==) modeset(0): Backing store enabled
[   235.074] (==) modeset(0): Silken mouse disabled
[   235.133] (II) modeset(0): Initializing kms color map for depth 24, 8 bpc.
[   235.133] (==) modeset(0): DPMS enabled
[   235.133] (II) modeset(0): [DRI2] Setup complete
[   235.133] (II) modeset(0): [DRI2]   DRI driver: i965
[   235.133] (II) modeset(0): [DRI2]   VDPAU driver: va_gl
[   235.182] (==) modeset(G0): Backing store enabled
[   235.182] (==) modeset(G0): Silken mouse disabled
[   235.182] (II) modeset(G0): Initializing kms color map for depth 24, 8 bpc.
[   235.183] (==) modeset(G0): DPMS enabled
[   235.183] (II) modeset(G0): [DRI2] Setup complete
[   235.183] (II) modeset(G0): [DRI2]   DRI driver: nouveau
[   235.183] (II) modeset(G0): [DRI2]   VDPAU driver: nouveau
[   235.183] (II) Initializing extension Generic Event Extension
[   235.183] (II) Initializing extension SHAPE
[   235.183] (II) Initializing extension MIT-SHM
[   235.183] (II) Initializing extension XInputExtension
[   235.183] (II) Initializing extension XTEST
[   235.183] (II) Initializing extension BIG-REQUESTS
[   235.183] (II) Initializing extension SYNC
[   235.183] (II) Initializing extension XKEYBOARD
[   235.183] (II) Initializing extension XC-MISC
[   235.183] (II) Initializing extension SECURITY
[   235.183] (II) Initializing extension XFIXES
[   235.183] (II) Initializing extension RENDER
[   235.183] (II) Initializing extension RANDR
[   235.183] (II) Initializing extension COMPOSITE
[   235.183] (II) Initializing extension DAMAGE
[   235.183] (II) Initializing extension MIT-SCREEN-SAVER
[   235.183] (II) Initializing extension DOUBLE-BUFFER
[   235.183] (II) Initializing extension RECORD
[   235.183] (II) Initializing extension DPMS
[   235.183] (II) Initializing extension Present
[   235.183] (II) Initializing extension DRI3
[   235.183] (II) Initializing extension X-Resource
[   235.183] (II) Initializing extension XVideo
[   235.183] (II) Initializing extension XVideo-MotionCompensation
[   235.183] (II) Initializing extension GLX
[   235.187] (II) AIGLX: Loaded and initialized i965
[   235.187] (II) GLX: Initialized DRI2 GL provider for screen 0
[   235.187] (II) Initializing extension XFree86-VidModeExtension
[   235.187] (II) Initializing extension XFree86-DGA
[   235.187] (II) Initializing extension XFree86-DRI
[   235.187] (II) Initializing extension DRI2
[   235.188] (II) modeset(G0): Damage tracking initialized
[   235.189] (II) modeset(0): Damage tracking initialized
[   235.189] (II) modeset(0): Setting screen physical size to 361 x 203
[   235.212] (II) config/udev: Adding input device Power Button (/dev/input/event3)
[   235.212] (**) Power Button: Applying InputClass "libinput keyboard catchall"
[   235.212] (II) LoadModule: "libinput"
[   235.212] (II) Loading /usr/lib/xorg/modules/input/libinput_drv.so
[   235.213] (II) Module libinput: vendor="X.Org Foundation"
[   235.213] 	compiled for 1.20.5, module version = 0.29.0
[   235.213] 	Module class: X.Org XInput Driver
[   235.213] 	ABI class: X.Org XInput driver, version 24.1
[   235.213] (II) Using input driver 'libinput' for 'Power Button'
[   235.213] (II) systemd-logind: got fd for /dev/input/event3 13:67 fd 19 paused 0
[   235.214] (**) Power Button: always reports core events
[   235.214] (**) Option "Device" "/dev/input/event3"
[   235.214] (**) Option "_source" "server/udev"
[   235.215] (II) event3  - Power Button: is tagged by udev as: Keyboard
[   235.215] (II) event3  - Power Button: device is a keyboard
[   235.215] (II) event3  - Power Button: device removed
[   235.215] (**) Option "config_info" "udev:/sys/devices/LNXSYSTM:00/LNXPWRBN:00/input/input3/event3"
[   235.215] (II) XINPUT: Adding extended input device "Power Button" (type: KEYBOARD, id 6)
[   235.215] (II) event3  - Power Button: is tagged by udev as: Keyboard
[   235.215] (II) event3  - Power Button: device is a keyboard
[   235.216] (II) config/udev: Adding input device Asus Wireless Radio Control (/dev/input/event5)
[   235.216] (**) Asus Wireless Radio Control: Applying InputClass "libinput keyboard catchall"
[   235.216] (II) Using input driver 'libinput' for 'Asus Wireless Radio Control'
[   235.216] (II) systemd-logind: got fd for /dev/input/event5 13:69 fd 22 paused 0
[   235.216] (**) Asus Wireless Radio Control: always reports core events
[   235.216] (**) Option "Device" "/dev/input/event5"
[   235.216] (**) Option "_source" "server/udev"
[   235.217] (II) event5  - Asus Wireless Radio Control: is tagged by udev as: Keyboard
[   235.217] (II) event5  - Asus Wireless Radio Control: device is a keyboard
[   235.217] (II) event5  - Asus Wireless Radio Control: device removed
[   235.217] (**) Option "config_info" "udev:/sys/devices/LNXSYSTM:00/LNXSYBUS:00/ATK4002:00/input/input5/event5"
[   235.217] (II) XINPUT: Adding extended input device "Asus Wireless Radio Control" (type: KEYBOARD, id 7)
[   235.217] (II) event5  - Asus Wireless Radio Control: is tagged by udev as: Keyboard
[   235.217] (II) event5  - Asus Wireless Radio Control: device is a keyboard
[   235.218] (II) config/udev: Adding input device Video Bus (/dev/input/event7)
[   235.218] (**) Video Bus: Applying InputClass "libinput keyboard catchall"
[   235.218] (II) Using input driver 'libinput' for 'Video Bus'
[   235.218] (II) systemd-logind: got fd for /dev/input/event7 13:71 fd 23 paused 0
[   235.218] (**) Video Bus: always reports core events
[   235.218] (**) Option "Device" "/dev/input/event7"
[   235.218] (**) Option "_source" "server/udev"
[   235.219] (II) event7  - Video Bus: is tagged by udev as: Keyboard
[   235.219] (II) event7  - Video Bus: device is a keyboard
[   235.219] (II) event7  - Video Bus: device removed
[   235.219] (**) Option "config_info" "udev:/sys/devices/LNXSYSTM:00/LNXSYBUS:00/PNP0A08:00/LNXVIDEO:00/input/input7/event7"
[   235.219] (II) XINPUT: Adding extended input device "Video Bus" (type: KEYBOARD, id 8)
[   235.220] (II) event7  - Video Bus: is tagged by udev as: Keyboard
[   235.220] (II) event7  - Video Bus: device is a keyboard
[   235.220] (II) config/udev: Adding input device Lid Switch (/dev/input/event0)
[   235.220] (II) No input driver specified, ignoring this device.
[   235.220] (II) This device may have been added with another device file.
[   235.220] (II) config/udev: Adding input device Video Bus (/dev/input/event8)
[   235.220] (**) Video Bus: Applying InputClass "libinput keyboard catchall"
[   235.220] (II) Using input driver 'libinput' for 'Video Bus'
[   235.221] (II) systemd-logind: got fd for /dev/input/event8 13:72 fd 24 paused 0
[   235.221] (**) Video Bus: always reports core events
[   235.221] (**) Option "Device" "/dev/input/event8"
[   235.221] (**) Option "_source" "server/udev"
[   235.222] (II) event8  - Video Bus: is tagged by udev as: Keyboard
[   235.222] (II) event8  - Video Bus: device is a keyboard
[   235.222] (II) event8  - Video Bus: device removed
[   235.222] (**) Option "config_info" "udev:/sys/devices/LNXSYSTM:00/LNXSYBUS:00/PNP0A08:00/device:23/LNXVIDEO:01/input/input8/event8"
[   235.222] (II) XINPUT: Adding extended input device "Video Bus" (type: KEYBOARD, id 9)
[   235.222] (II) event8  - Video Bus: is tagged by udev as: Keyboard
[   235.222] (II) event8  - Video Bus: device is a keyboard
[   235.223] (II) config/udev: Adding input device Power Button (/dev/input/event2)
[   235.223] (**) Power Button: Applying InputClass "libinput keyboard catchall"
[   235.223] (II) Using input driver 'libinput' for 'Power Button'
[   235.223] (II) systemd-logind: got fd for /dev/input/event2 13:66 fd 25 paused 0
[   235.223] (**) Power Button: always reports core events
[   235.223] (**) Option "Device" "/dev/input/event2"
[   235.223] (**) Option "_source" "server/udev"
[   235.224] (II) event2  - Power Button: is tagged by udev as: Keyboard
[   235.224] (II) event2  - Power Button: device is a keyboard
[   235.224] (II) event2  - Power Button: device removed
[   235.224] (**) Option "config_info" "udev:/sys/devices/LNXSYSTM:00/LNXSYBUS:00/PNP0C0C:00/input/input2/event2"
[   235.224] (II) XINPUT: Adding extended input device "Power Button" (type: KEYBOARD, id 10)
[   235.224] (II) event2  - Power Button: is tagged by udev as: Keyboard
[   235.225] (II) event2  - Power Button: device is a keyboard
[   235.225] (II) config/udev: Adding input device Sleep Button (/dev/input/event1)
[   235.225] (**) Sleep Button: Applying InputClass "libinput keyboard catchall"
[   235.225] (II) Using input driver 'libinput' for 'Sleep Button'
[   235.225] (II) systemd-logind: got fd for /dev/input/event1 13:65 fd 26 paused 0
[   235.225] (**) Sleep Button: always reports core events
[   235.225] (**) Option "Device" "/dev/input/event1"
[   235.225] (**) Option "_source" "server/udev"
[   235.226] (II) event1  - Sleep Button: is tagged by udev as: Keyboard
[   235.226] (II) event1  - Sleep Button: device is a keyboard
[   235.226] (II) event1  - Sleep Button: device removed
[   235.226] (**) Option "config_info" "udev:/sys/devices/LNXSYSTM:00/LNXSYBUS:00/PNP0C0E:00/input/input1/event1"
[   235.226] (II) XINPUT: Adding extended input device "Sleep Button" (type: KEYBOARD, id 11)
[   235.227] (II) event1  - Sleep Button: is tagged by udev as: Keyboard
[   235.227] (II) event1  - Sleep Button: device is a keyboard
[   235.227] (II) config/udev: Adding input device USB OPTICAL MOUSE  (/dev/input/event9)
[   235.227] (**) USB OPTICAL MOUSE : Applying InputClass "libinput pointer catchall"
[   235.227] (II) Using input driver 'libinput' for 'USB OPTICAL MOUSE '
[   235.283] (II) systemd-logind: got fd for /dev/input/event9 13:73 fd 27 paused 0
[   235.283] (**) USB OPTICAL MOUSE : always reports core events
[   235.283] (**) Option "Device" "/dev/input/event9"
[   235.283] (**) Option "_source" "server/udev"
[   235.285] (II) event9  - USB OPTICAL MOUSE : is tagged by udev as: Mouse
[   235.285] (II) event9  - USB OPTICAL MOUSE : device is a pointer
[   235.285] (II) event9  - USB OPTICAL MOUSE : device removed
[   235.285] (**) Option "config_info" "udev:/sys/devices/pci0000:00/0000:00:14.0/usb1/1-1/1-1:1.0/0003:18F8:0F97.0001/input/input9/event9"
[   235.285] (II) XINPUT: Adding extended input device "USB OPTICAL MOUSE " (type: MOUSE, id 12)
[   235.286] (**) Option "AccelerationScheme" "none"
[   235.286] (**) USB OPTICAL MOUSE : (accel) selected scheme none/0
[   235.286] (**) USB OPTICAL MOUSE : (accel) acceleration factor: 2.000
[   235.286] (**) USB OPTICAL MOUSE : (accel) acceleration threshold: 4
[   235.288] (II) event9  - USB OPTICAL MOUSE : is tagged by udev as: Mouse
[   235.288] (II) event9  - USB OPTICAL MOUSE : device is a pointer
[   235.289] (II) config/udev: Adding input device USB OPTICAL MOUSE  (/dev/input/mouse0)
[   235.289] (II) No input driver specified, ignoring this device.
[   235.289] (II) This device may have been added with another device file.
[   235.290] (II) config/udev: Adding input device USB OPTICAL MOUSE  Keyboard (/dev/input/event10)
[   235.290] (**) USB OPTICAL MOUSE  Keyboard: Applying InputClass "libinput keyboard catchall"
[   235.290] (II) Using input driver 'libinput' for 'USB OPTICAL MOUSE  Keyboard'
[   235.292] (II) systemd-logind: got fd for /dev/input/event10 13:74 fd 28 paused 0
[   235.292] (**) USB OPTICAL MOUSE  Keyboard: always reports core events
[   235.292] (**) Option "Device" "/dev/input/event10"
[   235.292] (**) Option "_source" "server/udev"
[   235.295] (II) event10 - USB OPTICAL MOUSE  Keyboard: is tagged by udev as: Keyboard
[   235.295] (II) event10 - USB OPTICAL MOUSE  Keyboard: device is a keyboard
[   235.296] (II) event10 - USB OPTICAL MOUSE  Keyboard: device removed
[   235.296] (**) Option "config_info" "udev:/sys/devices/pci0000:00/0000:00:14.0/usb1/1-1/1-1:1.1/0003:18F8:0F97.0002/input/input10/event10"
[   235.296] (II) XINPUT: Adding extended input device "USB OPTICAL MOUSE  Keyboard" (type: KEYBOARD, id 13)
[   235.300] (II) event10 - USB OPTICAL MOUSE  Keyboard: is tagged by udev as: Keyboard
[   235.300] (II) event10 - USB OPTICAL MOUSE  Keyboard: device is a keyboard
[   235.303] (II) config/udev: Adding input device USB OPTICAL MOUSE  Consumer Control (/dev/input/event11)
[   235.303] (**) USB OPTICAL MOUSE  Consumer Control: Applying InputClass "libinput keyboard catchall"
[   235.303] (II) Using input driver 'libinput' for 'USB OPTICAL MOUSE  Consumer Control'
[   235.306] (II) systemd-logind: got fd for /dev/input/event11 13:75 fd 29 paused 0
[   235.306] (**) USB OPTICAL MOUSE  Consumer Control: always reports core events
[   235.306] (**) Option "Device" "/dev/input/event11"
[   235.306] (**) Option "_source" "server/udev"
[   235.310] (II) event11 - USB OPTICAL MOUSE  Consumer Control: is tagged by udev as: Keyboard
[   235.310] (II) event11 - USB OPTICAL MOUSE  Consumer Control: device is a keyboard
[   235.311] (II) event11 - USB OPTICAL MOUSE  Consumer Control: device removed
[   235.311] (II) libinput: USB OPTICAL MOUSE  Consumer Control: needs a virtual subdevice
[   235.311] (**) Option "config_info" "udev:/sys/devices/pci0000:00/0000:00:14.0/usb1/1-1/1-1:1.1/0003:18F8:0F97.0002/input/input11/event11"
[   235.311] (II) XINPUT: Adding extended input device "USB OPTICAL MOUSE  Consumer Control" (type: MOUSE, id 14)
[   235.311] (**) Option "AccelerationScheme" "none"
[   235.311] (**) USB OPTICAL MOUSE  Consumer Control: (accel) selected scheme none/0
[   235.311] (**) USB OPTICAL MOUSE  Consumer Control: (accel) acceleration factor: 2.000
[   235.311] (**) USB OPTICAL MOUSE  Consumer Control: (accel) acceleration threshold: 4
[   235.315] (II) event11 - USB OPTICAL MOUSE  Consumer Control: is tagged by udev as: Keyboard
[   235.316] (II) event11 - USB OPTICAL MOUSE  Consumer Control: device is a keyboard
[   235.318] (II) config/udev: Adding input device USB2.0 VGA UVC WebCam: USB2.0 V (/dev/input/event18)
[   235.318] (**) USB2.0 VGA UVC WebCam: USB2.0 V: Applying InputClass "libinput keyboard catchall"
[   235.318] (II) Using input driver 'libinput' for 'USB2.0 VGA UVC WebCam: USB2.0 V'
[   235.320] (II) systemd-logind: got fd for /dev/input/event18 13:82 fd 30 paused 0
[   235.320] (**) USB2.0 VGA UVC WebCam: USB2.0 V: always reports core events
[   235.320] (**) Option "Device" "/dev/input/event18"
[   235.320] (**) Option "_source" "server/udev"
[   235.324] (II) event18 - USB2.0 VGA UVC WebCam: USB2.0 V: is tagged by udev as: Keyboard
[   235.324] (II) event18 - USB2.0 VGA UVC WebCam: USB2.0 V: device is a keyboard
[   235.325] (II) event18 - USB2.0 VGA UVC WebCam: USB2.0 V: device removed
[   235.325] (**) Option "config_info" "udev:/sys/devices/pci0000:00/0000:00:14.0/usb1/1-6/1-6:1.0/input/input19/event18"
[   235.325] (II) XINPUT: Adding extended input device "USB2.0 VGA UVC WebCam: USB2.0 V" (type: KEYBOARD, id 15)
[   235.329] (II) event18 - USB2.0 VGA UVC WebCam: USB2.0 V: is tagged by udev as: Keyboard
[   235.329] (II) event18 - USB2.0 VGA UVC WebCam: USB2.0 V: device is a keyboard
[   235.331] (II) config/udev: Adding input device HDA Intel PCH Headphone (/dev/input/event12)
[   235.331] (II) No input driver specified, ignoring this device.
[   235.331] (II) This device may have been added with another device file.
[   235.332] (II) config/udev: Adding input device HDA Intel PCH HDMI/DP,pcm=3 (/dev/input/event13)
[   235.332] (II) No input driver specified, ignoring this device.
[   235.332] (II) This device may have been added with another device file.
[   235.333] (II) config/udev: Adding input device HDA Intel PCH HDMI/DP,pcm=7 (/dev/input/event14)
[   235.333] (II) No input driver specified, ignoring this device.
[   235.333] (II) This device may have been added with another device file.
[   235.334] (II) config/udev: Adding input device HDA Intel PCH HDMI/DP,pcm=8 (/dev/input/event15)
[   235.334] (II) No input driver specified, ignoring this device.
[   235.334] (II) This device may have been added with another device file.
[   235.335] (II) config/udev: Adding input device HDA Intel PCH HDMI/DP,pcm=9 (/dev/input/event16)
[   235.335] (II) No input driver specified, ignoring this device.
[   235.335] (II) This device may have been added with another device file.
[   235.336] (II) config/udev: Adding input device HDA Intel PCH HDMI/DP,pcm=10 (/dev/input/event17)
[   235.336] (II) No input driver specified, ignoring this device.
[   235.336] (II) This device may have been added with another device file.
[   235.337] (II) config/udev: Adding input device Asus WMI hotkeys (/dev/input/event6)
[   235.337] (**) Asus WMI hotkeys: Applying InputClass "libinput keyboard catchall"
[   235.337] (II) Using input driver 'libinput' for 'Asus WMI hotkeys'
[   235.339] (II) systemd-logind: got fd for /dev/input/event6 13:70 fd 31 paused 0
[   235.339] (**) Asus WMI hotkeys: always reports core events
[   235.339] (**) Option "Device" "/dev/input/event6"
[   235.339] (**) Option "_source" "server/udev"
[   235.342] (II) event6  - Asus WMI hotkeys: is tagged by udev as: Keyboard
[   235.342] (II) event6  - Asus WMI hotkeys: device is a keyboard
[   235.342] (II) event6  - Asus WMI hotkeys: device removed
[   235.342] (**) Option "config_info" "udev:/sys/devices/platform/asus-nb-wmi/input/input6/event6"
[   235.342] (II) XINPUT: Adding extended input device "Asus WMI hotkeys" (type: KEYBOARD, id 16)
[   235.345] (II) event6  - Asus WMI hotkeys: is tagged by udev as: Keyboard
[   235.345] (II) event6  - Asus WMI hotkeys: device is a keyboard
[   235.346] (II) config/udev: Adding input device AT Translated Set 2 keyboard (/dev/input/event4)
[   235.346] (**) AT Translated Set 2 keyboard: Applying InputClass "libinput keyboard catchall"
[   235.346] (II) Using input driver 'libinput' for 'AT Translated Set 2 keyboard'
[   235.349] (II) systemd-logind: got fd for /dev/input/event4 13:68 fd 32 paused 0
[   235.349] (**) AT Translated Set 2 keyboard: always reports core events
[   235.349] (**) Option "Device" "/dev/input/event4"
[   235.349] (**) Option "_source" "server/udev"
[   235.351] (II) event4  - AT Translated Set 2 keyboard: is tagged by udev as: Keyboard
[   235.351] (II) event4  - AT Translated Set 2 keyboard: device is a keyboard
[   235.352] (II) event4  - AT Translated Set 2 keyboard: device removed
[   235.353] (**) Option "config_info" "udev:/sys/devices/platform/i8042/serio0/input/input4/event4"
[   235.353] (II) XINPUT: Adding extended input device "AT Translated Set 2 keyboard" (type: KEYBOARD, id 17)
[   235.355] (II) event4  - AT Translated Set 2 keyboard: is tagged by udev as: Keyboard
[   235.355] (II) event4  - AT Translated Set 2 keyboard: device is a keyboard
[   235.366] (**) USB OPTICAL MOUSE  Consumer Control: Applying InputClass "libinput keyboard catchall"
[   235.366] (II) Using input driver 'libinput' for 'USB OPTICAL MOUSE  Consumer Control'
[   235.366] (II) systemd-logind: returning pre-existing fd for /dev/input/event11 13:75
[   235.366] (**) USB OPTICAL MOUSE  Consumer Control: always reports core events
[   235.366] (**) Option "Device" "/dev/input/event11"
[   235.366] (**) Option "_source" "_driver/libinput"
[   235.366] (II) libinput: USB OPTICAL MOUSE  Consumer Control: is a virtual subdevice
[   235.366] (**) Option "config_info" "udev:/sys/devices/pci0000:00/0000:00:14.0/usb1/1-1/1-1:1.1/0003:18F8:0F97.0002/input/input11/event11"
[   235.366] (II) XINPUT: Adding extended input device "USB OPTICAL MOUSE  Consumer Control" (type: KEYBOARD, id 18)
[   235.939] (II) modeset(0): EDID vendor "CMN", prod id 5578
[   235.939] (II) modeset(0): Printing DDC gathered Modelines:
[   235.939] (II) modeset(0): Modeline "1366x768"x0.0   76.42  1366 1434 1479 1592  768 772 779 800 -hsync -vsync (48.0 kHz eP)
[110278.099] (II) modeset(0): EDID vendor "CMN", prod id 5578
[110278.099] (II) modeset(0): Printing DDC gathered Modelines:
[110278.099] (II) modeset(0): Modeline "1366x768"x0.0   76.42  1366 1434 1479 1592  768 772 779 800 -hsync -vsync (48.0 kHz eP)
[110279.989] (II) modeset(0): EDID vendor "CMN", prod id 5578
[110279.989] (II) modeset(0): Printing DDC gathered Modelines:
[110279.989] (II) modeset(0): Modeline "1366x768"x0.0   76.42  1366 1434 1479 1592  768 772 779 800 -hsync -vsync (48.0 kHz eP)
[110281.956] (II) modeset(0): EDID vendor "CMN", prod id 5578
[110281.956] (II) modeset(0): Printing DDC gathered Modelines:
[110281.956] (II) modeset(0): Modeline "1366x768"x0.0   76.42  1366 1434 1479 1592  768 772 779 800 -hsync -vsync (48.0 kHz eP)
[110283.405] (II) modeset(0): EDID vendor "CMN", prod id 5578
[110283.405] (II) modeset(0): Printing DDC gathered Modelines:
[110283.405] (II) modeset(0): Modeline "1366x768"x0.0   76.42  1366 1434 1479 1592  768 772 779 800 -hsync -vsync (48.0 kHz eP)
[110993.063] (II) config/udev: removing device USB OPTICAL MOUSE 
[110993.063] (**) Option "fd" "27"
[110993.064] (II) event9  - USB OPTICAL MOUSE : device removed
[110993.067] (II) UnloadModule: "libinput"
[110993.067] (II) systemd-logind: releasing fd for 13:73
[110993.152] (II) config/udev: removing device USB OPTICAL MOUSE  Keyboard
[110993.153] (**) Option "fd" "28"
[110993.153] (II) event10 - USB OPTICAL MOUSE  Keyboard: device removed
[110993.154] (II) UnloadModule: "libinput"
[110993.154] (II) systemd-logind: releasing fd for 13:74
[110993.193] (II) config/udev: removing device USB OPTICAL MOUSE  Consumer Control
[110993.193] (**) Option "fd" "29"
[110993.194] (II) UnloadModule: "libinput"
[110993.194] (II) systemd-logind: not releasing fd for 13:75, still in use
[110993.194] (II) config/udev: removing device USB OPTICAL MOUSE  Consumer Control
[110993.194] (**) Option "fd" "29"
[110993.194] (II) event11 - USB OPTICAL MOUSE  Consumer Control: device removed
[110993.195] (II) UnloadModule: "libinput"
[110993.195] (II) systemd-logind: releasing fd for 13:75
[111001.772] (II) config/udev: Adding input device USB OPTICAL MOUSE  (/dev/input/mouse0)
[111001.772] (II) No input driver specified, ignoring this device.
[111001.772] (II) This device may have been added with another device file.
[111001.804] (II) config/udev: Adding input device USB OPTICAL MOUSE  Keyboard (/dev/input/event10)
[111001.804] (**) USB OPTICAL MOUSE  Keyboard: Applying InputClass "libinput keyboard catchall"
[111001.804] (II) Using input driver 'libinput' for 'USB OPTICAL MOUSE  Keyboard'
[111001.814] (II) systemd-logind: got fd for /dev/input/event10 13:74 fd 28 paused 0
[111001.814] (**) USB OPTICAL MOUSE  Keyboard: always reports core events
[111001.814] (**) Option "Device" "/dev/input/event10"
[111001.814] (**) Option "_source" "server/udev"
[111001.819] (II) event10 - USB OPTICAL MOUSE  Keyboard: is tagged by udev as: Keyboard
[111001.819] (II) event10 - USB OPTICAL MOUSE  Keyboard: device is a keyboard
[111001.820] (II) event10 - USB OPTICAL MOUSE  Keyboard: device removed
[111001.820] (**) Option "config_info" "udev:/sys/devices/pci0000:00/0000:00:14.0/usb1/1-3/1-3:1.1/0003:18F8:0F97.0004/input/input21/event10"
[111001.820] (II) XINPUT: Adding extended input device "USB OPTICAL MOUSE  Keyboard" (type: KEYBOARD, id 12)
[111001.829] (II) event10 - USB OPTICAL MOUSE  Keyboard: is tagged by udev as: Keyboard
[111001.829] (II) event10 - USB OPTICAL MOUSE  Keyboard: device is a keyboard
[111001.835] (II) config/udev: Adding input device USB OPTICAL MOUSE  Consumer Control (/dev/input/event11)
[111001.835] (**) USB OPTICAL MOUSE  Consumer Control: Applying InputClass "libinput keyboard catchall"
[111001.835] (II) Using input driver 'libinput' for 'USB OPTICAL MOUSE  Consumer Control'
[111001.837] (II) systemd-logind: got fd for /dev/input/event11 13:75 fd 29 paused 0
[111001.838] (**) USB OPTICAL MOUSE  Consumer Control: always reports core events
[111001.838] (**) Option "Device" "/dev/input/event11"
[111001.838] (**) Option "_source" "server/udev"
[111001.843] (II) event11 - USB OPTICAL MOUSE  Consumer Control: is tagged by udev as: Keyboard
[111001.843] (II) event11 - USB OPTICAL MOUSE  Consumer Control: device is a keyboard
[111001.844] (II) event11 - USB OPTICAL MOUSE  Consumer Control: device removed
[111001.844] (II) libinput: USB OPTICAL MOUSE  Consumer Control: needs a virtual subdevice
[111001.844] (**) Option "config_info" "udev:/sys/devices/pci0000:00/0000:00:14.0/usb1/1-3/1-3:1.1/0003:18F8:0F97.0004/input/input22/event11"
[111001.844] (II) XINPUT: Adding extended input device "USB OPTICAL MOUSE  Consumer Control" (type: MOUSE, id 13)
[111001.845] (**) Option "AccelerationScheme" "none"
[111001.846] (**) USB OPTICAL MOUSE  Consumer Control: (accel) selected scheme none/0
[111001.846] (**) USB OPTICAL MOUSE  Consumer Control: (accel) acceleration factor: 2.000
[111001.846] (**) USB OPTICAL MOUSE  Consumer Control: (accel) acceleration threshold: 4
[111001.851] (II) event11 - USB OPTICAL MOUSE  Consumer Control: is tagged by udev as: Keyboard
[111001.851] (II) event11 - USB OPTICAL MOUSE  Consumer Control: device is a keyboard
[111001.853] (**) USB OPTICAL MOUSE  Consumer Control: Applying InputClass "libinput keyboard catchall"
[111001.853] (II) Using input driver 'libinput' for 'USB OPTICAL MOUSE  Consumer Control'
[111001.853] (II) systemd-logind: returning pre-existing fd for /dev/input/event11 13:75
[111001.853] (**) USB OPTICAL MOUSE  Consumer Control: always reports core events
[111001.853] (**) Option "Device" "/dev/input/event11"
[111001.853] (**) Option "_source" "_driver/libinput"
[111001.853] (II) libinput: USB OPTICAL MOUSE  Consumer Control: is a virtual subdevice
[111001.853] (**) Option "config_info" "udev:/sys/devices/pci0000:00/0000:00:14.0/usb1/1-3/1-3:1.1/0003:18F8:0F97.0004/input/input22/event11"
[111001.853] (II) XINPUT: Adding extended input device "USB OPTICAL MOUSE  Consumer Control" (type: KEYBOARD, id 14)
[111001.877] (II) config/udev: Adding input device USB OPTICAL MOUSE  (/dev/input/event9)
[111001.877] (**) USB OPTICAL MOUSE : Applying InputClass "libinput pointer catchall"
[111001.877] (II) Using input driver 'libinput' for 'USB OPTICAL MOUSE '
[111001.936] (II) systemd-logind: got fd for /dev/input/event9 13:73 fd 65 paused 0
[111001.936] (**) USB OPTICAL MOUSE : always reports core events
[111001.936] (**) Option "Device" "/dev/input/event9"
[111001.936] (**) Option "_source" "server/udev"
[111001.941] (II) event9  - USB OPTICAL MOUSE : is tagged by udev as: Mouse
[111001.942] (II) event9  - USB OPTICAL MOUSE : device is a pointer
[111001.942] (II) event9  - USB OPTICAL MOUSE : device removed
[111001.942] (**) Option "config_info" "udev:/sys/devices/pci0000:00/0000:00:14.0/usb1/1-3/1-3:1.0/0003:18F8:0F97.0003/input/input20/event9"
[111001.942] (II) XINPUT: Adding extended input device "USB OPTICAL MOUSE " (type: MOUSE, id 18)
[111001.944] (**) Option "AccelerationScheme" "none"
[111001.946] (**) USB OPTICAL MOUSE : (accel) selected scheme none/0
[111001.946] (**) USB OPTICAL MOUSE : (accel) acceleration factor: 2.000
[111001.946] (**) USB OPTICAL MOUSE : (accel) acceleration threshold: 4
[111001.950] (II) event9  - USB OPTICAL MOUSE : is tagged by udev as: Mouse
[111001.951] (II) event9  - USB OPTICAL MOUSE : device is a pointer
[112276.893] (II) modeset(0): EDID vendor "CMN", prod id 5578
[112276.893] (II) modeset(0): Printing DDC gathered Modelines:
[112276.893] (II) modeset(0): Modeline "1366x768"x0.0   76.42  1366 1434 1479 1592  768 772 779 800 -hsync -vsync (48.0 kHz eP)
[112532.989] (**) Option "fd" "19"
[112532.989] (II) event3  - Power Button: device removed
[112532.989] (**) Option "fd" "22"
[112532.989] (II) event5  - Asus Wireless Radio Control: device removed
[112532.989] (**) Option "fd" "23"
[112532.989] (II) event7  - Video Bus: device removed
[112532.989] (**) Option "fd" "24"
[112532.989] (II) event8  - Video Bus: device removed
[112532.989] (**) Option "fd" "25"
[112532.989] (II) event2  - Power Button: device removed
[112532.989] (**) Option "fd" "26"
[112532.989] (II) event1  - Sleep Button: device removed
[112532.989] (**) Option "fd" "30"
[112532.989] (II) event18 - USB2.0 VGA UVC WebCam: USB2.0 V: device removed
[112532.989] (**) Option "fd" "31"
[112532.989] (II) event6  - Asus WMI hotkeys: device removed
[112532.989] (**) Option "fd" "32"
[112532.989] (II) event4  - AT Translated Set 2 keyboard: device removed
[112532.989] (**) Option "fd" "28"
[112532.989] (II) event10 - USB OPTICAL MOUSE  Keyboard: device removed
[112532.989] (**) Option "fd" "29"
[112532.989] (**) Option "fd" "29"
[112532.989] (II) event11 - USB OPTICAL MOUSE  Consumer Control: device removed
[112532.989] (**) Option "fd" "65"
[112532.989] (II) event9  - USB OPTICAL MOUSE : device removed
[112533.002] (II) UnloadModule: "libinput"
[112533.002] (II) systemd-logind: releasing fd for 13:73
[112533.002] (II) UnloadModule: "libinput"
[112533.002] (II) systemd-logind: not releasing fd for 13:75, still in use
[112533.002] (II) UnloadModule: "libinput"
[112533.002] (II) systemd-logind: releasing fd for 13:75
[112533.003] (II) UnloadModule: "libinput"
[112533.003] (II) systemd-logind: releasing fd for 13:74
[112533.003] (II) UnloadModule: "libinput"
[112533.003] (II) systemd-logind: releasing fd for 13:68
[112533.004] (II) UnloadModule: "libinput"
[112533.004] (II) systemd-logind: releasing fd for 13:70
[112533.004] (II) UnloadModule: "libinput"
[112533.004] (II) systemd-logind: releasing fd for 13:82
[112533.005] (II) UnloadModule: "libinput"
[112533.005] (II) systemd-logind: releasing fd for 13:65
[112533.005] (II) UnloadModule: "libinput"
[112533.005] (II) systemd-logind: releasing fd for 13:66
[112533.005] (II) UnloadModule: "libinput"
[112533.005] (II) systemd-logind: releasing fd for 13:72
[112533.006] (II) UnloadModule: "libinput"
[112533.006] (II) systemd-logind: releasing fd for 13:71
[112533.006] (II) UnloadModule: "libinput"
[112533.006] (II) systemd-logind: releasing fd for 13:69
[112533.007] (II) UnloadModule: "libinput"
[112533.007] (II) systemd-logind: releasing fd for 13:67
[112533.026] (WW) xf86CloseConsole: KDSETMODE failed: Input/output error
[112533.026] (WW) xf86CloseConsole: VT_GETMODE failed: Input/output error
[112533.026] (WW) xf86CloseConsole: VT_ACTIVATE failed: Input/output error
[112533.027] (II) Server terminated successfully (0). Closing log file.
